


ARM Macro Assembler    Page 1 


    1 00000000         ; LCD.s
    2 00000000         ; Student names: change this to your names or look very 
                       silly
    3 00000000         ; Last modification date: change this to the last modifi
                       cation date or look very silly
    4 00000000         
    5 00000000         ; Runs on LM4F120/TM4C123
    6 00000000         ; Use SSI0 to send an 8-bit code to the ST7735 160x128 p
                       ixel LCD.
    7 00000000         
    8 00000000         ; As part of Lab 7, students need to implement these LCD
                       _WriteCommand and LCD_WriteData
    9 00000000         ; This driver assumes two low-level LCD functions
   10 00000000         
   11 00000000         ; Backlight (pin 10) connected to +3.3 V
   12 00000000         ; MISO (pin 9) unconnected
   13 00000000         ; SCK (pin 8) connected to PA2 (SSI0Clk)
   14 00000000         ; MOSI (pin 7) connected to PA5 (SSI0Tx)
   15 00000000         ; TFT_CS (pin 6) connected to PA3 (SSI0Fss)
   16 00000000         ; CARD_CS (pin 5) unconnected
   17 00000000         ; Data/Command (pin 4) connected to PA6 (GPIO)
   18 00000000         ; RESET (pin 3) connected to PA7 (GPIO)
   19 00000000         ; VCC (pin 2) connected to +3.3 V
   20 00000000         ; Gnd (pin 1) connected to ground
   21 00000000         
   22 00000000 40004100 
                       DC      EQU              0x40004100
   23 00000000 00000000 
                       DC_COMMAND
                               EQU              0
   24 00000000 00000040 
                       DC_DATA EQU              0x40
   25 00000000 40008008 
                       SSI0_DR_R
                               EQU              0x40008008
   26 00000000 4000800C 
                       SSI0_SR_R
                               EQU              0x4000800C
   27 00000000 00000004 
                       SSI_SR_RNE
                               EQU              0x00000004  ; SSI Receive FIFO 
                                                            Not Empty
   28 00000000 00000010 
                       SSI_SR_BSY
                               EQU              0x00000010  ; SSI Busy Bit
   29 00000000 00000002 
                       SSI_SR_TNF
                               EQU              0x00000002  ; SSI Transmit FIFO
                                                             Not Full
   30 00000000         
   31 00000000         
   32 00000000         ;DC                      EQU   0x40004100
   33 00000000         ;GPIO_PORTA_DATA_R       EQU   0x400043FC
   34 00000000         ;SSI0_DR_R               EQU   0x40008008
   35 00000000         ;SSI0_SR_R               EQU   0x4000800C
   36 00000000         ;SSI_SR_RNE              EQU   0x00000004  ; SSI Receive
                        FIFO Not Empty
   37 00000000         ;SSI_SR_BSY              EQU   0x00000010  ; SSI Busy Bi
                       t



ARM Macro Assembler    Page 2 


   38 00000000         ;SSI_SR_TNF              EQU   0x00000002  ; SSI Transmi
                       t FIFO Not Full
   39 00000000         
   40 00000000                 EXPORT           writecommand
   41 00000000                 EXPORT           writedata
   42 00000000         
   43 00000000                 AREA             |.text|, CODE, READONLY, ALIGN=
2
   44 00000000                 THUMB
   45 00000000                 ALIGN
   46 00000000         
   47 00000000         ; The Data/Command pin must be valid when the eighth bit
                        is
   48 00000000         ; sent.  The SSI module has hardware input and output FI
                       FOs
   49 00000000         ; that are 8 locations deep.  Based on the observation t
                       hat
   50 00000000         ; the LCD interface tends to send a few commands and the
                       n a
   51 00000000         ; lot of data, the FIFOs are not used when writing
   52 00000000         ; commands, and they are used when writing data.  This
   53 00000000         ; ensures that the Data/Command pin status matches the b
                       yte
   54 00000000         ; that is actually being transmitted.
   55 00000000         ; The write command operation waits until all data has b
                       een
   56 00000000         ; sent, configures the Data/Command pin for commands, se
                       nds
   57 00000000         ; the command, and then waits for the transmission to
   58 00000000         ; finish.
   59 00000000         ; The write data operation waits until there is room in 
                       the
   60 00000000         ; transmit FIFO, configures the Data/Command pin for dat
                       a,
   61 00000000         ; and then adds the data to the transmit FIFO.
   62 00000000         ; NOTE: These functions will crash or stall indefinitely
                        if
   63 00000000         ; the SSI0 module is not initialized and enabled.
   64 00000000         
   65 00000000         ; This is a helper function that sends an 8-bit command 
                       to the LCD.
   66 00000000         ; Input: R0  8-bit command to transmit
   67 00000000         ; Output: none
   68 00000000         ; Assumes: SSI0 and port A have already been initialized
                        and enabled
   69 00000000         writecommand
   70 00000000         ;1) Read SSI0_SR_R and check bit 4, 
   71 00000000         ;2) If bit 4 is high, loop back to step 1 (wait for BUSY
                        bit to be low)
   72 00000000         ;3) Clear D/C=PA6 to zero
   73 00000000         ;4) Write the command to SSI0_DR_R
   74 00000000         ;5) Read SSI0_SR_R and check bit 4, 
   75 00000000         ;6) If bit 4 is high, loop back to step 5 (wait for BUSY
                        bit to be low)
   76 00000000 4602            MOV              R2, R0
   77 00000002 480F            LDR              R0, =SSI0_SR_R
   78 00000004 6801    loop    LDR              R1, [R0]
   79 00000006 F011 0110       ANDS             R1, #0x10
   80 0000000A D1FB            BNE              loop



ARM Macro Assembler    Page 3 


   81 0000000C 480D            LDR              R0, =DC
   82 0000000E F04F 0100       LDR              R1, =DC_COMMAND
   83 00000012 6001            STR              R1, [R0]
   84 00000014 480C            LDR              R0, =SSI0_DR_R
   85 00000016 6002            STR              R2, [R0]
   86 00000018 4809            LDR              R0, =SSI0_SR_R
   87 0000001A 6801    loop1   LDR              R1, [R0]
   88 0000001C F011 0110       ANDS             R1, #0x10
   89 00000020 D1FB            BNE              loop1
   90 00000022         
   91 00000022 4770            BX               LR          ;   return
   92 00000024         
   93 00000024         ; This is a helper function that sends an 8-bit data to 
                       the LCD.
   94 00000024         ; Input: R0  8-bit data to transmit
   95 00000024         ; Output: none
   96 00000024         ; Assumes: SSI0 and port A have already been initialized
                        and enabled
   97 00000024         writedata
   98 00000024         ;1) Read SSI0_SR_R and check bit 1, 
   99 00000024         ;2) If bit 1 is low loop back to step 1 (wait for TNF bi
                       t to be high)
  100 00000024         ;3) Set D/C=PA6 to one
  101 00000024         ;4) Write the 8-bit data to SSI0_DR_R
  102 00000024 4602            MOV              R2, R0
  103 00000026 4806            LDR              R0, =SSI0_SR_R
  104 00000028 6801    loop2   LDR              R1, [R0]
  105 0000002A F011 0102       ANDS             R1, #0x02
  106 0000002E D0FB            BEQ              loop2
  107 00000030 4804            LDR              R0, =DC
  108 00000032 F04F 0140       LDR              R1, =DC_DATA
  109 00000036 6001            STR              R1, [R0]
  110 00000038 4803            LDR              R0, =SSI0_DR_R
  111 0000003A 6002            STR              R2, [R0]
  112 0000003C         
  113 0000003C 4770            BX               LR          ;   return
  114 0000003E         
  115 0000003E         
  116 0000003E         ;***************************************************
  117 0000003E         ; This is a library for the Adafruit 1.8" SPI display.
  118 0000003E         ; This library works with the Adafruit 1.8" TFT Breakout
                        w/SD card
  119 0000003E         ; ----> http://www.adafruit.com/products/358
  120 0000003E         ; as well as Adafruit raw 1.8" TFT display
  121 0000003E         ; ----> http://www.adafruit.com/products/618
  122 0000003E         ;
  123 0000003E         ; Check out the links above for our tutorials and wiring
                        diagrams
  124 0000003E         ; These displays use SPI to communicate, 4 or 5 pins are
                        required to
  125 0000003E         ; interface (RST is optional)
  126 0000003E         ; Adafruit invests time and resources providing this ope
                       n source code,
  127 0000003E         ; please support Adafruit and open-source hardware by pu
                       rchasing
  128 0000003E         ; products from Adafruit!
  129 0000003E         ;
  130 0000003E         ; Written by Limor Fried/Ladyada for Adafruit Industries
                       .



ARM Macro Assembler    Page 4 


  131 0000003E         ; MIT license, all text above must be included in any re
                       distribution
  132 0000003E         ;****************************************************
  133 0000003E         
  134 0000003E 00 00           ALIGN                        ; make sure the end
                                                             of this section is
                                                             aligned
  135 00000040                 END                          ; end of file
              4000800C 
              40004100 
              40008008 
Command Line: --debug --xref --cpu=Cortex-M4 --apcs=interwork --depend=.\lcd.d 
-o.\lcd.o -IC:\Keil\ARM\RV31\INC -IC:\Keil\ARM\CMSIS\Include -IC:\Keil\ARM\Inc\
Luminary --list=.\lcd.lst LCD.s



ARM Macro Assembler    Page 1 Alphabetic symbol ordering
Relocatable symbols

.text 00000000

Symbol: .text
   Definitions
      At line 43 in file LCD.s
   Uses
      None
Comment: .text unused
loop 00000004

Symbol: loop
   Definitions
      At line 78 in file LCD.s
   Uses
      At line 80 in file LCD.s
Comment: loop used once
loop1 0000001A

Symbol: loop1
   Definitions
      At line 87 in file LCD.s
   Uses
      At line 89 in file LCD.s
Comment: loop1 used once
loop2 00000028

Symbol: loop2
   Definitions
      At line 104 in file LCD.s
   Uses
      At line 106 in file LCD.s
Comment: loop2 used once
writecommand 00000000

Symbol: writecommand
   Definitions
      At line 69 in file LCD.s
   Uses
      At line 40 in file LCD.s
Comment: writecommand used once
writedata 00000024

Symbol: writedata
   Definitions
      At line 97 in file LCD.s
   Uses
      At line 41 in file LCD.s
Comment: writedata used once
6 symbols



ARM Macro Assembler    Page 1 Alphabetic symbol ordering
Absolute symbols

DC 40004100

Symbol: DC
   Definitions
      At line 22 in file LCD.s
   Uses
      At line 81 in file LCD.s
      At line 107 in file LCD.s

DC_COMMAND 00000000

Symbol: DC_COMMAND
   Definitions
      At line 23 in file LCD.s
   Uses
      At line 82 in file LCD.s
Comment: DC_COMMAND used once
DC_DATA 00000040

Symbol: DC_DATA
   Definitions
      At line 24 in file LCD.s
   Uses
      At line 108 in file LCD.s
Comment: DC_DATA used once
SSI0_DR_R 40008008

Symbol: SSI0_DR_R
   Definitions
      At line 25 in file LCD.s
   Uses
      At line 84 in file LCD.s
      At line 110 in file LCD.s

SSI0_SR_R 4000800C

Symbol: SSI0_SR_R
   Definitions
      At line 26 in file LCD.s
   Uses
      At line 77 in file LCD.s
      At line 86 in file LCD.s
      At line 103 in file LCD.s

SSI_SR_BSY 00000010

Symbol: SSI_SR_BSY
   Definitions
      At line 28 in file LCD.s
   Uses
      None
Comment: SSI_SR_BSY unused
SSI_SR_RNE 00000004

Symbol: SSI_SR_RNE
   Definitions
      At line 27 in file LCD.s
   Uses
      None



ARM Macro Assembler    Page 2 Alphabetic symbol ordering
Absolute symbols

Comment: SSI_SR_RNE unused
SSI_SR_TNF 00000002

Symbol: SSI_SR_TNF
   Definitions
      At line 29 in file LCD.s
   Uses
      None
Comment: SSI_SR_TNF unused
8 symbols
346 symbols in table
